<?xml version="1.0" encoding="UTF-8"?>
<testng-results ignored="0" total="1" passed="1" failed="0" skipped="0">
  <reporter-output>
  </reporter-output>
  <suite started-at="2022-10-09T19:22:06 IST" name="Cross-Platform" finished-at="2022-10-09T19:22:25 IST" duration-ms="18479">
    <groups>
    </groups>
    <test started-at="2022-10-09T19:22:06 IST" name="BStackDemo-0" finished-at="2022-10-09T19:22:25 IST" duration-ms="18479">
      <class name="com.browserstack.BStackDemoTest">
        <test-method is-config="true" signature="setUp()[pri:0, instance:com.browserstack.BStackDemoTest@78383390]" started-at="2022-10-09T19:22:07 IST" name="setUp" finished-at="2022-10-09T19:22:16 IST" duration-ms="9584" status="PASS">
          <reporter-output>
          </reporter-output>
        </test-method> <!-- setUp -->
        <test-method signature="addProductToCart()[pri:0, instance:com.browserstack.BStackDemoTest@78383390]" started-at="2022-10-09T19:22:16 IST" name="addProductToCart" finished-at="2022-10-09T19:22:22 IST" duration-ms="5977" status="PASS">
          <reporter-output>
          </reporter-output>
        </test-method> <!-- addProductToCart -->
        <test-method is-config="true" signature="tearDown()[pri:0, instance:com.browserstack.BStackDemoTest@78383390]" started-at="2022-10-09T19:22:22 IST" name="tearDown" finished-at="2022-10-09T19:22:25 IST" duration-ms="2740" status="PASS">
          <reporter-output>
          </reporter-output>
        </test-method> <!-- tearDown -->
      </class> <!-- com.browserstack.BStackDemoTest -->
    </test> <!-- BStackDemo-0 -->
  </suite> <!-- Cross-Platform -->
</testng-results>
